0 info it worked if it ends with ok
1 verbose cli [ '/usr/local/Cellar/node/7.4.0/bin/node',
1 verbose cli   '/usr/local/bin/npm',
1 verbose cli   'start' ]
2 info using npm@4.0.5
3 info using node@v7.4.0
4 verbose run-script [ 'prestart', 'start', 'poststart' ]
5 info lifecycle @~prestart: @
6 silly lifecycle @~prestart: no script for prestart, continuing
7 info lifecycle @~start: @
8 verbose lifecycle @~start: unsafe-perm in lifecycle true
9 verbose lifecycle @~start: PATH: /usr/local/lib/node_modules/npm/bin/node-gyp-bin:/Users/btholmes/Documents/github/PythonDevelpment/SpotifyFlaskBoiler/node_modules/.bin:/Users/btholmes/.rvm/gems/ruby-2.3.1/bin:/Users/btholmes/.rvm/gems/ruby-2.3.1@global/bin:/Users/btholmes/.rvm/rubies/ruby-2.3.1/bin:/usr/local/bin:/usr/local/bin:/usr/bin:/bin:/usr/sbin:/sbin:/Library/TeX/texbin:/Users/btholmes/Library/Android/sdk/platform-tools:/Users/btholmes/Library/Android/sdk/tools:/Users/btholmes/Desktop/my_scripts:/Users/btholmes/.rvm/bin
10 verbose lifecycle @~start: CWD: /Users/btholmes/Documents/github/PythonDevelpment/SpotifyFlaskBoiler
11 silly lifecycle @~start: Args: [ '-c',
11 silly lifecycle   'webpack-dev-server --inline --colors --watch --display-error-details --display-cached  --port 3001 --hot' ]
12 info lifecycle @~start: Failed to exec start script
13 verbose stack Error: @ start: `webpack-dev-server --inline --colors --watch --display-error-details --display-cached  --port 3001 --hot`
13 verbose stack spawn ENOENT
13 verbose stack     at ChildProcess.<anonymous> (/usr/local/lib/node_modules/npm/lib/utils/spawn.js:33:16)
13 verbose stack     at emitTwo (events.js:106:13)
13 verbose stack     at ChildProcess.emit (events.js:191:7)
13 verbose stack     at maybeClose (internal/child_process.js:885:16)
13 verbose stack     at Process.ChildProcess._handle.onexit (internal/child_process.js:226:5)
14 verbose pkgid @
15 verbose cwd /Users/btholmes/Documents/github/PythonDevelpment/SpotifyFlaskBoiler
16 error Darwin 15.6.0
17 error argv "/usr/local/Cellar/node/7.4.0/bin/node" "/usr/local/bin/npm" "start"
18 error node v7.4.0
19 error npm  v4.0.5
20 error file sh
21 error code ELIFECYCLE
22 error errno ENOENT
23 error syscall spawn
24 error @ start: `webpack-dev-server --inline --colors --watch --display-error-details --display-cached  --port 3001 --hot`
24 error spawn ENOENT
25 error Failed at the @ start script 'webpack-dev-server --inline --colors --watch --display-error-details --display-cached  --port 3001 --hot'.
25 error Make sure you have the latest version of node.js and npm installed.
25 error If you do, this is most likely a problem with the  package,
25 error not with npm itself.
25 error Tell the author that this fails on your system:
25 error     webpack-dev-server --inline --colors --watch --display-error-details --display-cached  --port 3001 --hot
25 error You can get information on how to open an issue for this project with:
25 error     npm bugs
25 error Or if that isn't available, you can get their info via:
25 error     npm owner ls
25 error There is likely additional logging output above.
26 verbose exit [ 1, true ]
